Setup started at Sat Jul 19 00:31:16 PDT 2025
[0;32m[INFO][0m Detecting system environment...
[1;33m[WARN][0m Running on macOS - this setup is designed for Raspberry Pi OS
[0;34m[DEBUG][0m OS: macOS 15.5
[0;34m[DEBUG][0m Architecture: arm64
[0;34m[DEBUG][0m Available memory: 24576MB
[0;32m[INFO][0m Detecting Python installation...
[0;34m[DEBUG][0m Found python3.9: Python 3.9.6
[0;32m[INFO][0m Using Python 3.9.6 (python3.9)
[0;32m[INFO][0m Checking system dependencies...
[0;32m[INFO][0m macOS detected - skipping Linux package checks
[0;34m[DEBUG][0m Skipping hardware checks on non-Linux system
[0;32m[INFO][0m All required system packages are already installed
[0;32m[INFO][0m Creating virtual environment...
[1;33m[WARN][0m Virtual environment already exists at /Users/ravikiranl/Documents/My project/The_Blue_Rover/venv
[0;32m[INFO][0m Using existing virtual environment
[0;32m[INFO][0m Installing Python dependencies...
[0;32m[INFO][0m Upgrading pip...
[0;32m[INFO][0m Installing wheel...
[0;32m[INFO][0m Installing requirements from requirements.txt...
[0;31m[ERROR][0m Failed to install Python requirements
[0;31m[ERROR][0m Check /Users/ravikiranl/Documents/My project/The_Blue_Rover/setup.log for details
